<?xml version="1.0" encoding="UTF-8"?>
<coverage generated="1615203925675" clover="3.2.0">
  <project timestamp="1615203925676" name="All files">
    <metrics statements="34" coveredstatements="16" conditionals="4" coveredconditionals="4" methods="10" coveredmethods="4" elements="48" coveredelements="24" complexity="0" loc="34" ncloc="34" packages="1" files="4" classes="4"/>
    <file name="BarMarkers.js" path="/Users/alexarmero/Desktop/TERM 2 /Team-Rocket-Large-Group-Project/src/components/BarMarkers.js">
      <metrics statements="4" coveredstatements="2" conditionals="0" coveredconditionals="0" methods="1" coveredmethods="0"/>
      <line num="5" count="3" type="stmt"/>
      <line num="9" count="0" type="stmt"/>
      <line num="14" count="0" type="stmt"/>
      <line num="24" count="3" type="stmt"/>
    </file>
    <file name="Index.js" path="/Users/alexarmero/Desktop/TERM 2 /Team-Rocket-Large-Group-Project/src/components/Index.js">
      <metrics statements="11" coveredstatements="11" conditionals="4" coveredconditionals="4" methods="3" coveredmethods="3"/>
      <line num="6" count="27" type="stmt"/>
      <line num="11" count="27" type="stmt"/>
      <line num="12" count="9" type="cond" truecount="2" falsecount="0"/>
      <line num="13" count="6" type="stmt"/>
      <line num="15" count="9" type="stmt"/>
      <line num="18" count="27" type="stmt"/>
      <line num="19" count="9" type="cond" truecount="2" falsecount="0"/>
      <line num="20" count="6" type="stmt"/>
      <line num="22" count="9" type="stmt"/>
      <line num="26" count="48" type="stmt"/>
      <line num="47" count="3" type="stmt"/>
    </file>
    <file name="ProgressBar.js" path="/Users/alexarmero/Desktop/TERM 2 /Team-Rocket-Large-Group-Project/src/components/ProgressBar.js">
      <metrics statements="18" coveredstatements="2" conditionals="0" coveredconditionals="0" methods="5" coveredmethods="0"/>
      <line num="13" count="0" type="stmt"/>
      <line num="14" count="0" type="stmt"/>
      <line num="17" count="3" type="stmt"/>
      <line num="23" count="0" type="stmt"/>
      <line num="28" count="0" type="stmt"/>
      <line num="29" count="0" type="stmt"/>
      <line num="33" count="0" type="stmt"/>
      <line num="34" count="0" type="stmt"/>
      <line num="35" count="0" type="stmt"/>
      <line num="44" count="0" type="stmt"/>
      <line num="49" count="0" type="stmt"/>
      <line num="63" count="0" type="stmt"/>
      <line num="66" count="0" type="stmt"/>
      <line num="67" count="0" type="stmt"/>
      <line num="70" count="0" type="stmt"/>
      <line num="89" count="0" type="stmt"/>
      <line num="91" count="0" type="stmt"/>
      <line num="116" count="3" type="stmt"/>
    </file>
    <file name="sum.js" path="/Users/alexarmero/Desktop/TERM 2 /Team-Rocket-Large-Group-Project/src/components/sum.js">
      <metrics statements="1" coveredstatements="1" conditionals="0" coveredconditionals="0" methods="1" coveredmethods="1"/>
      <line num="2" count="3" type="stmt"/>
    </file>
  </project>
</coverage>
