{"/Users/alexarmero/Desktop/TERM 2 /Team-Rocket-Large-Group-Project/src/components/BarMarkers.js": {"path":"/Users/alexarmero/Desktop/TERM 2 /Team-Rocket-Large-Group-Project/src/components/BarMarkers.js","statementMap":{"0":{"start":{"line":5,"column":24},"end":{"line":8,"column":3}},"1":{"start":{"line":9,"column":10},"end":{"line":11,"column":3}},"2":{"start":{"line":14,"column":4},"end":{"line":20,"column":6}},"3":{"start":{"line":24,"column":15},"end":{"line":36,"column":2}}},"fnMap":{"0":{"name":"(anonymous_0)","decl":{"start":{"line":13,"column":2},"end":{"line":13,"column":3}},"loc":{"start":{"line":13,"column":11},"end":{"line":21,"column":3}},"line":13}},"branchMap":{},"s":{"0":3,"1":0,"2":0,"3":3},"f":{"0":0},"b":{},"_coverageSchema":"1a1c01bbd47fc00a2c39e90264f33305004495a9","hash":"63b637df4b92523b658498beaccd253615d68c63"}
,"/Users/alexarmero/Desktop/TERM 2 /Team-Rocket-Large-Group-Project/src/components/Index.js": {"path":"/Users/alexarmero/Desktop/TERM 2 /Team-Rocket-Large-Group-Project/src/components/Index.js","statementMap":{"0":{"start":{"line":6,"column":10},"end":{"line":9,"column":3}},"1":{"start":{"line":11,"column":17},"end":{"line":16,"column":3}},"2":{"start":{"line":12,"column":4},"end":{"line":14,"column":5}},"3":{"start":{"line":13,"column":6},"end":{"line":13,"column":51}},"4":{"start":{"line":15,"column":4},"end":{"line":15,"column":34}},"5":{"start":{"line":18,"column":17},"end":{"line":23,"column":3}},"6":{"start":{"line":19,"column":4},"end":{"line":21,"column":5}},"7":{"start":{"line":20,"column":6},"end":{"line":20,"column":51}},"8":{"start":{"line":22,"column":4},"end":{"line":22,"column":34}},"9":{"start":{"line":26,"column":4},"end":{"line":43,"column":6}},"10":{"start":{"line":47,"column":15},"end":{"line":53,"column":2}}},"fnMap":{"0":{"name":"(anonymous_0)","decl":{"start":{"line":11,"column":17},"end":{"line":11,"column":18}},"loc":{"start":{"line":11,"column":23},"end":{"line":16,"column":3}},"line":11},"1":{"name":"(anonymous_1)","decl":{"start":{"line":18,"column":17},"end":{"line":18,"column":18}},"loc":{"start":{"line":18,"column":23},"end":{"line":23,"column":3}},"line":18},"2":{"name":"(anonymous_2)","decl":{"start":{"line":25,"column":2},"end":{"line":25,"column":3}},"loc":{"start":{"line":25,"column":11},"end":{"line":44,"column":3}},"line":25}},"branchMap":{"0":{"loc":{"start":{"line":12,"column":4},"end":{"line":14,"column":5}},"type":"if","locations":[{"start":{"line":12,"column":4},"end":{"line":14,"column":5}},{"start":{"line":12,"column":4},"end":{"line":14,"column":5}}],"line":12},"1":{"loc":{"start":{"line":19,"column":4},"end":{"line":21,"column":5}},"type":"if","locations":[{"start":{"line":19,"column":4},"end":{"line":21,"column":5}},{"start":{"line":19,"column":4},"end":{"line":21,"column":5}}],"line":19}},"s":{"0":27,"1":27,"2":9,"3":6,"4":9,"5":27,"6":9,"7":6,"8":9,"9":48,"10":3},"f":{"0":9,"1":9,"2":48},"b":{"0":[6,3],"1":[6,3]},"_coverageSchema":"1a1c01bbd47fc00a2c39e90264f33305004495a9","hash":"3bee11300834abe02261998cb51f466a31b02166"}
,"/Users/alexarmero/Desktop/TERM 2 /Team-Rocket-Large-Group-Project/src/components/ProgressBar.js": {"path":"/Users/alexarmero/Desktop/TERM 2 /Team-Rocket-Large-Group-Project/src/components/ProgressBar.js","statementMap":{"0":{"start":{"line":13,"column":4},"end":{"line":13,"column":12}},"1":{"start":{"line":14,"column":4},"end":{"line":14,"column":48}},"2":{"start":{"line":17,"column":24},"end":{"line":21,"column":3}},"3":{"start":{"line":23,"column":10},"end":{"line":26,"column":3}},"4":{"start":{"line":28,"column":17},"end":{"line":30,"column":3}},"5":{"start":{"line":29,"column":4},"end":{"line":29,"column":55}},"6":{"start":{"line":33,"column":18},"end":{"line":40,"column":3}},"7":{"start":{"line":34,"column":4},"end":{"line":34,"column":36}},"8":{"start":{"line":35,"column":4},"end":{"line":39,"column":15}},"9":{"start":{"line":44,"column":4},"end":{"line":44,"column":22}},"10":{"start":{"line":49,"column":29},"end":{"line":60,"column":5}},"11":{"start":{"line":63,"column":4},"end":{"line":63,"column":54}},"12":{"start":{"line":66,"column":26},"end":{"line":66,"column":64}},"13":{"start":{"line":67,"column":26},"end":{"line":67,"column":62}},"14":{"start":{"line":70,"column":26},"end":{"line":87,"column":5}},"15":{"start":{"line":89,"column":4},"end":{"line":89,"column":25}},"16":{"start":{"line":91,"column":4},"end":{"line":113,"column":6}},"17":{"start":{"line":116,"column":15},"end":{"line":136,"column":2}}},"fnMap":{"0":{"name":"(anonymous_0)","decl":{"start":{"line":12,"column":2},"end":{"line":12,"column":3}},"loc":{"start":{"line":12,"column":16},"end":{"line":15,"column":3}},"line":12},"1":{"name":"(anonymous_1)","decl":{"start":{"line":28,"column":17},"end":{"line":28,"column":18}},"loc":{"start":{"line":28,"column":38},"end":{"line":30,"column":3}},"line":28},"2":{"name":"(anonymous_2)","decl":{"start":{"line":33,"column":18},"end":{"line":33,"column":19}},"loc":{"start":{"line":33,"column":24},"end":{"line":40,"column":3}},"line":33},"3":{"name":"(anonymous_3)","decl":{"start":{"line":43,"column":2},"end":{"line":43,"column":3}},"loc":{"start":{"line":43,"column":22},"end":{"line":45,"column":3}},"line":43},"4":{"name":"(anonymous_4)","decl":{"start":{"line":47,"column":2},"end":{"line":47,"column":3}},"loc":{"start":{"line":47,"column":11},"end":{"line":114,"column":3}},"line":47}},"branchMap":{},"s":{"0":0,"1":0,"2":3,"3":0,"4":0,"5":0,"6":0,"7":0,"8":0,"9":0,"10":0,"11":0,"12":0,"13":0,"14":0,"15":0,"16":0,"17":3},"f":{"0":0,"1":0,"2":0,"3":0,"4":0},"b":{},"_coverageSchema":"1a1c01bbd47fc00a2c39e90264f33305004495a9","hash":"a4fb9e5d02876f3adcd5595dc516e1f4a30b5bd2"}
,"/Users/alexarmero/Desktop/TERM 2 /Team-Rocket-Large-Group-Project/src/components/sum.js": {"path":"/Users/alexarmero/Desktop/TERM 2 /Team-Rocket-Large-Group-Project/src/components/sum.js","statementMap":{"0":{"start":{"line":2,"column":2},"end":{"line":2,"column":15}}},"fnMap":{"0":{"name":"sum","decl":{"start":{"line":1,"column":24},"end":{"line":1,"column":27}},"loc":{"start":{"line":1,"column":34},"end":{"line":3,"column":1}},"line":1}},"branchMap":{},"s":{"0":3},"f":{"0":3},"b":{},"_coverageSchema":"1a1c01bbd47fc00a2c39e90264f33305004495a9","hash":"67e6f6f04210eb071c25200c28096e07d114b297"}
}
