{"/Users/alexarmero/Desktop/TERM 2 /Team-Rocket-Large-Group-Project/src/components/BarMarkers.js": {"path":"/Users/alexarmero/Desktop/TERM 2 /Team-Rocket-Large-Group-Project/src/components/BarMarkers.js","statementMap":{"0":{"start":{"line":5,"column":24},"end":{"line":8,"column":3}},"1":{"start":{"line":9,"column":10},"end":{"line":11,"column":3}},"2":{"start":{"line":14,"column":4},"end":{"line":20,"column":6}},"3":{"start":{"line":24,"column":15},"end":{"line":36,"column":2}}},"fnMap":{"0":{"name":"(anonymous_0)","decl":{"start":{"line":13,"column":2},"end":{"line":13,"column":3}},"loc":{"start":{"line":13,"column":11},"end":{"line":21,"column":3}},"line":13}},"branchMap":{},"s":{"0":6,"1":6,"2":6,"3":6},"f":{"0":6},"b":{},"_coverageSchema":"1a1c01bbd47fc00a2c39e90264f33305004495a9","hash":"63b637df4b92523b658498beaccd253615d68c63"}
,"/Users/alexarmero/Desktop/TERM 2 /Team-Rocket-Large-Group-Project/src/components/Index.js": {"path":"/Users/alexarmero/Desktop/TERM 2 /Team-Rocket-Large-Group-Project/src/components/Index.js","statementMap":{"0":{"start":{"line":6,"column":10},"end":{"line":9,"column":3}},"1":{"start":{"line":11,"column":17},"end":{"line":16,"column":3}},"2":{"start":{"line":12,"column":4},"end":{"line":14,"column":5}},"3":{"start":{"line":13,"column":6},"end":{"line":13,"column":65}},"4":{"start":{"line":15,"column":4},"end":{"line":15,"column":45}},"5":{"start":{"line":18,"column":17},"end":{"line":23,"column":3}},"6":{"start":{"line":19,"column":4},"end":{"line":21,"column":5}},"7":{"start":{"line":20,"column":6},"end":{"line":20,"column":65}},"8":{"start":{"line":22,"column":4},"end":{"line":22,"column":45}},"9":{"start":{"line":26,"column":4},"end":{"line":43,"column":6}},"10":{"start":{"line":47,"column":15},"end":{"line":53,"column":2}}},"fnMap":{"0":{"name":"(anonymous_0)","decl":{"start":{"line":11,"column":17},"end":{"line":11,"column":18}},"loc":{"start":{"line":11,"column":23},"end":{"line":16,"column":3}},"line":11},"1":{"name":"(anonymous_1)","decl":{"start":{"line":18,"column":17},"end":{"line":18,"column":18}},"loc":{"start":{"line":18,"column":23},"end":{"line":23,"column":3}},"line":18},"2":{"name":"(anonymous_2)","decl":{"start":{"line":25,"column":2},"end":{"line":25,"column":3}},"loc":{"start":{"line":25,"column":11},"end":{"line":44,"column":3}},"line":25}},"branchMap":{"0":{"loc":{"start":{"line":12,"column":4},"end":{"line":14,"column":5}},"type":"if","locations":[{"start":{"line":12,"column":4},"end":{"line":14,"column":5}},{"start":{"line":12,"column":4},"end":{"line":14,"column":5}}],"line":12},"1":{"loc":{"start":{"line":19,"column":4},"end":{"line":21,"column":5}},"type":"if","locations":[{"start":{"line":19,"column":4},"end":{"line":21,"column":5}},{"start":{"line":19,"column":4},"end":{"line":21,"column":5}}],"line":19}},"s":{"0":27,"1":27,"2":9,"3":6,"4":9,"5":27,"6":9,"7":6,"8":9,"9":48,"10":3},"f":{"0":9,"1":9,"2":48},"b":{"0":[6,3],"1":[6,3]},"_coverageSchema":"1a1c01bbd47fc00a2c39e90264f33305004495a9","hash":"0d0cf188b27601645b00b185dc1ee14b9e4f0c47"}
,"/Users/alexarmero/Desktop/TERM 2 /Team-Rocket-Large-Group-Project/src/components/ProgressBar.js": {"path":"/Users/alexarmero/Desktop/TERM 2 /Team-Rocket-Large-Group-Project/src/components/ProgressBar.js","statementMap":{"0":{"start":{"line":13,"column":4},"end":{"line":13,"column":12}},"1":{"start":{"line":14,"column":4},"end":{"line":14,"column":48}},"2":{"start":{"line":17,"column":24},"end":{"line":21,"column":3}},"3":{"start":{"line":23,"column":10},"end":{"line":26,"column":3}},"4":{"start":{"line":28,"column":17},"end":{"line":30,"column":3}},"5":{"start":{"line":29,"column":4},"end":{"line":29,"column":55}},"6":{"start":{"line":33,"column":18},"end":{"line":40,"column":3}},"7":{"start":{"line":34,"column":4},"end":{"line":34,"column":36}},"8":{"start":{"line":35,"column":4},"end":{"line":39,"column":15}},"9":{"start":{"line":44,"column":4},"end":{"line":44,"column":22}},"10":{"start":{"line":48,"column":29},"end":{"line":59,"column":5}},"11":{"start":{"line":61,"column":4},"end":{"line":61,"column":54}},"12":{"start":{"line":66,"column":26},"end":{"line":66,"column":64}},"13":{"start":{"line":67,"column":26},"end":{"line":67,"column":62}},"14":{"start":{"line":71,"column":26},"end":{"line":92,"column":5}},"15":{"start":{"line":94,"column":4},"end":{"line":94,"column":25}},"16":{"start":{"line":95,"column":4},"end":{"line":117,"column":6}},"17":{"start":{"line":120,"column":15},"end":{"line":140,"column":2}}},"fnMap":{"0":{"name":"(anonymous_0)","decl":{"start":{"line":12,"column":2},"end":{"line":12,"column":3}},"loc":{"start":{"line":12,"column":16},"end":{"line":15,"column":3}},"line":12},"1":{"name":"(anonymous_1)","decl":{"start":{"line":28,"column":17},"end":{"line":28,"column":18}},"loc":{"start":{"line":28,"column":38},"end":{"line":30,"column":3}},"line":28},"2":{"name":"(anonymous_2)","decl":{"start":{"line":33,"column":18},"end":{"line":33,"column":19}},"loc":{"start":{"line":33,"column":24},"end":{"line":40,"column":3}},"line":33},"3":{"name":"(anonymous_3)","decl":{"start":{"line":43,"column":2},"end":{"line":43,"column":3}},"loc":{"start":{"line":43,"column":22},"end":{"line":45,"column":3}},"line":43},"4":{"name":"(anonymous_4)","decl":{"start":{"line":46,"column":2},"end":{"line":46,"column":3}},"loc":{"start":{"line":46,"column":23},"end":{"line":62,"column":3}},"line":46},"5":{"name":"(anonymous_5)","decl":{"start":{"line":64,"column":2},"end":{"line":64,"column":3}},"loc":{"start":{"line":64,"column":11},"end":{"line":118,"column":3}},"line":64}},"branchMap":{},"s":{"0":6,"1":6,"2":6,"3":6,"4":6,"5":0,"6":6,"7":6,"8":6,"9":6,"10":0,"11":0,"12":6,"13":6,"14":6,"15":6,"16":6,"17":6},"f":{"0":6,"1":0,"2":6,"3":6,"4":0,"5":6},"b":{},"_coverageSchema":"1a1c01bbd47fc00a2c39e90264f33305004495a9","hash":"dcc9331b9cd3d8b406b2eee2994f1385617163c1"}
}
