TN:
SF:src/components/BarMarkers.js
FN:13,(anonymous_0)
FNF:1
FNH:0
FNDA:0,(anonymous_0)
DA:5,3
DA:9,0
DA:14,0
DA:24,3
LF:4
LH:2
BRF:0
BRH:0
end_of_record
TN:
SF:src/components/Index.js
FN:11,(anonymous_0)
FN:18,(anonymous_1)
FN:25,(anonymous_2)
FNF:3
FNH:3
FNDA:9,(anonymous_0)
FNDA:9,(anonymous_1)
FNDA:48,(anonymous_2)
DA:6,27
DA:11,27
DA:12,9
DA:13,6
DA:15,9
DA:18,27
DA:19,9
DA:20,6
DA:22,9
DA:26,48
DA:47,3
LF:11
LH:11
BRDA:12,0,0,6
BRDA:12,0,1,3
BRDA:19,1,0,6
BRDA:19,1,1,3
BRF:4
BRH:4
end_of_record
TN:
SF:src/components/ProgressBar.js
FN:12,(anonymous_0)
FN:28,(anonymous_1)
FN:33,(anonymous_2)
FN:43,(anonymous_3)
FN:47,(anonymous_4)
FNF:5
FNH:0
FNDA:0,(anonymous_0)
FNDA:0,(anonymous_1)
FNDA:0,(anonymous_2)
FNDA:0,(anonymous_3)
FNDA:0,(anonymous_4)
DA:13,0
DA:14,0
DA:17,3
DA:23,0
DA:28,0
DA:29,0
DA:33,0
DA:34,0
DA:35,0
DA:44,0
DA:49,0
DA:63,0
DA:66,0
DA:67,0
DA:70,0
DA:89,0
DA:91,0
DA:116,3
LF:18
LH:2
BRF:0
BRH:0
end_of_record
TN:
SF:src/components/sum.js
FN:1,sum
FNF:1
FNH:1
FNDA:3,sum
DA:2,3
LF:1
LH:1
BRF:0
BRH:0
end_of_record
