TN:
SF:src/components/BarMarkers.js
FN:13,(anonymous_0)
FNF:1
FNH:1
FNDA:6,(anonymous_0)
DA:5,6
DA:9,6
DA:14,6
DA:24,6
LF:4
LH:4
BRF:0
BRH:0
end_of_record
TN:
SF:src/components/Index.js
FN:11,(anonymous_0)
FN:18,(anonymous_1)
FN:25,(anonymous_2)
FNF:3
FNH:3
FNDA:9,(anonymous_0)
FNDA:9,(anonymous_1)
FNDA:48,(anonymous_2)
DA:6,27
DA:11,27
DA:12,9
DA:13,6
DA:15,9
DA:18,27
DA:19,9
DA:20,6
DA:22,9
DA:26,48
DA:47,3
LF:11
LH:11
BRDA:12,0,0,6
BRDA:12,0,1,3
BRDA:19,1,0,6
BRDA:19,1,1,3
BRF:4
BRH:4
end_of_record
TN:
SF:src/components/ProgressBar.js
FN:12,(anonymous_0)
FN:28,(anonymous_1)
FN:33,(anonymous_2)
FN:43,(anonymous_3)
FN:46,(anonymous_4)
FN:64,(anonymous_5)
FNF:6
FNH:4
FNDA:6,(anonymous_0)
FNDA:0,(anonymous_1)
FNDA:6,(anonymous_2)
FNDA:6,(anonymous_3)
FNDA:0,(anonymous_4)
FNDA:6,(anonymous_5)
DA:13,6
DA:14,6
DA:17,6
DA:23,6
DA:28,6
DA:29,0
DA:33,6
DA:34,6
DA:35,6
DA:44,6
DA:48,0
DA:61,0
DA:66,6
DA:67,6
DA:71,6
DA:94,6
DA:95,6
DA:120,6
LF:18
LH:15
BRF:0
BRH:0
end_of_record
